{"log":
 [{"message":
   ".> LEAN_PATH=/home/oliver/Projects/BAIF/rust-lean-playground/verify/.lake/packages/Cli/.lake/build/lib/lean:/home/oliver/Projects/BAIF/rust-lean-playground/verify/.lake/packages/batteries/.lake/build/lib/lean:/home/oliver/Projects/BAIF/rust-lean-playground/verify/.lake/packages/Qq/.lake/build/lib/lean:/home/oliver/Projects/BAIF/rust-lean-playground/verify/.lake/packages/aesop/.lake/build/lib/lean:/home/oliver/Projects/BAIF/rust-lean-playground/verify/.lake/packages/proofwidgets/.lake/build/lib/lean:/home/oliver/Projects/BAIF/rust-lean-playground/verify/.lake/packages/importGraph/.lake/build/lib/lean:/home/oliver/Projects/BAIF/rust-lean-playground/verify/.lake/packages/LeanSearchClient/.lake/build/lib/lean:/home/oliver/Projects/BAIF/rust-lean-playground/verify/.lake/packages/plausible/.lake/build/lib/lean:/home/oliver/Projects/BAIF/rust-lean-playground/verify/.lake/packages/mathlib/.lake/build/lib/lean:/home/oliver/Projects/BAIF/rust-lean-playground/verify/.lake/packages/aeneas/backends/lean/.lake/build/lib/lean:/home/oliver/Projects/BAIF/rust-lean-playground/verify/.lake/build/lib/lean /home/oliver/.elan/toolchains/leanprover--lean4---v4.21.0/bin/lean -Dpp.unicode.fun=true -DautoImplicit=false -DrelaxedAutoImplicit=false -Dweak.linter.mathlibStandardSet=true -DmaxSynthPendingDepth=3 /home/oliver/Projects/BAIF/rust-lean-playground/verify/Verify.lean -R /home/oliver/Projects/BAIF/rust-lean-playground/verify -o /home/oliver/Projects/BAIF/rust-lean-playground/verify/.lake/build/lib/lean/Verify.olean -i /home/oliver/Projects/BAIF/rust-lean-playground/verify/.lake/build/lib/lean/Verify.ilean -c /home/oliver/Projects/BAIF/rust-lean-playground/verify/.lake/build/ir/Verify.c --json",
   "level": "trace"}],
 "inputs":
 [["Verify:deps",
   [["deps",
     [["verify/Verify:extraDep", [["@verify:extraDep", "1723"]]],
      ["import oleans",
       [["Verify.Src.RustLeanPlayground:olean",
         [["Verify.Src.RustLeanPlayground:deps", "7217498291785466674"],
          ["/home/oliver/Projects/BAIF/rust-lean-playground/verify/.lake/build/lib/lean/Verify/Src/RustLeanPlayground.olean",
           "645798639160158253"]]],
        ["Verify.Proofs.reduce:olean",
         [["Verify.Proofs.reduce:deps", "11233675609786458940"],
          ["/home/oliver/Projects/BAIF/rust-lean-playground/verify/.lake/build/lib/lean/Verify/Proofs/reduce.olean",
           "16623846489016869993"]]]]]]],
    ["libs",
     [["import dynlibs", "1723"],
      ["package external libraries", "1723"],
      ["module dynlibs", "1723"],
      ["module plugins", "1723"]]]]],
  ["Lean 4.21.0, commit 6741444a63eec253a7eae7a83f1beb3de015023d",
   "11123825329739276520"],
  ["Module.leanArgs: #[-Dpp.unicode.fun=true, -DautoImplicit=false, -DrelaxedAutoImplicit=false, -Dweak.linter.mathlibStandardSet=true, -DmaxSynthPendingDepth=3]",
   "17649996026770819444"],
  ["/home/oliver/Projects/BAIF/rust-lean-playground/verify/Verify.lean",
   "9776876126288923755"]],
 "depHash": "7820471422802354074"}